"../../../Engine/Content/EngineMaterials/T_Default_Material_Grid_N.uasset" 0
"../../../Engine/Content/EngineMaterials/T_Default_Material_Grid_N.uexp" 1
"../../../Engine/Content/EngineMaterials/T_Default_Material_Grid_N.ubulk" 2
"../../../Engine/Content/EngineMaterials/T_Default_Material_Grid_M.uasset" 3
"../../../Engine/Content/EngineMaterials/T_Default_Material_Grid_M.uexp" 4
"../../../Engine/Content/EngineMaterials/T_Default_Material_Grid_M.ubulk" 5
"../../../Engine/Content/Functions/Engine_MaterialFunctions01/Opacity/CameraDepthFade.uasset" 6
"../../../Engine/Content/Functions/Engine_MaterialFunctions01/Opacity/CameraDepthFade.uexp" 7
"../../../Engine/Content/EngineMaterials/WorldGridMaterial.uasset" 8
"../../../Engine/Content/EngineMaterials/WorldGridMaterial.uexp" 9
"../../../Engine/Content/ArtTools/RenderToTexture/Meshes/S_1_Unit_Plane.uasset" 10
"../../../Engine/Content/ArtTools/RenderToTexture/Meshes/S_1_Unit_Plane.uexp" 11
"../../../Engine/Content/EngineMaterials/DefaultMaterial.uasset" 12
"../../../Engine/Content/EngineMaterials/DefaultMaterial.uexp" 13
"../../../Engine/Content/BasicShapes/Cone.uasset" 14
"../../../Engine/Content/BasicShapes/Cone.uexp" 15
"../../../Engine/Content/BasicShapes/Plane.uasset" 16
"../../../Engine/Content/BasicShapes/Plane.uexp" 17
"../../../Engine/Content/EditorLandscapeResources/DataLayer.uasset" 18
"../../../Engine/Content/EditorLandscapeResources/DataLayer.uexp" 19
"../../../Engine/Content/EditorLandscapeResources/DefaultAlphaTexture.uasset" 20
"../../../Engine/Content/EditorLandscapeResources/DefaultAlphaTexture.uexp" 21
"../../../Engine/Content/EditorMaterials/MAT_Groups_Toggle.uasset" 22
"../../../Engine/Content/EditorMaterials/MAT_Groups_Toggle.uexp" 23
"../../../Engine/Content/EditorMaterials/MAT_Groups_Visibility.uasset" 24
"../../../Engine/Content/EditorMaterials/MAT_Groups_Visibility.uexp" 25
"../../../Engine/Content/EditorMaterials/PreviewShadowIndicator.uasset" 26
"../../../Engine/Content/EditorMaterials/PreviewShadowIndicator.uexp" 27
"../../../Engine/Content/EditorMaterials/PreviewShadowIndicator.ubulk" 28
"../../../Engine/Content/EditorMaterials/PreviewShadowIndicatorMaterial.uasset" 29
"../../../Engine/Content/EditorMaterials/PreviewShadowIndicatorMaterial.uexp" 30
"../../../Engine/Content/EditorMaterials/MatineeGroups/MAT_ColorTrack.uasset" 31
"../../../Engine/Content/EditorMaterials/MatineeGroups/MAT_ColorTrack.uexp" 32
"../../../Engine/Content/EditorMaterials/MatineeGroups/MAT_Groups_Anim.uasset" 33
"../../../Engine/Content/EditorMaterials/MatineeGroups/MAT_Groups_Anim.uexp" 34
"../../../Engine/Content/EditorMaterials/MatineeGroups/MAT_Groups_AudioMaster.uasset" 35
"../../../Engine/Content/EditorMaterials/MatineeGroups/MAT_Groups_AudioMaster.uexp" 36
"../../../Engine/Content/EditorMaterials/MatineeGroups/MAT_Groups_Director.uasset" 37
"../../../Engine/Content/EditorMaterials/MatineeGroups/MAT_Groups_Director.uexp" 38
"../../../Engine/Content/EditorMaterials/MatineeGroups/MAT_Groups_Event.uasset" 39
"../../../Engine/Content/EditorMaterials/MatineeGroups/MAT_Groups_Event.uexp" 40
"../../../Engine/Content/EditorMaterials/MatineeGroups/MAT_Groups_Fade.uasset" 41
"../../../Engine/Content/EditorMaterials/MatineeGroups/MAT_Groups_Fade.uexp" 42
"../../../Engine/Content/EditorMaterials/MatineeGroups/MAT_Groups_Float.uasset" 43
"../../../Engine/Content/EditorMaterials/MatineeGroups/MAT_Groups_Float.uexp" 44
"../../../Engine/Content/EditorMaterials/MatineeGroups/MAT_Groups_Move.uasset" 45
"../../../Engine/Content/EditorMaterials/MatineeGroups/MAT_Groups_Move.uexp" 46
"../../../Engine/Content/EditorMaterials/MatineeGroups/MAT_Groups_Slomo.uasset" 47
"../../../Engine/Content/EditorMaterials/MatineeGroups/MAT_Groups_Slomo.uexp" 48
"../../../Engine/Content/EditorMaterials/MatineeGroups/MAT_Groups_Sound.uasset" 49
"../../../Engine/Content/EditorMaterials/MatineeGroups/MAT_Groups_Sound.uexp" 50
"../../../Engine/Content/EditorMaterials/MatineeGroups/MAT_Groups_Vector.uasset" 51
"../../../Engine/Content/EditorMaterials/MatineeGroups/MAT_Groups_Vector.uexp" 52
"../../../Engine/Content/EditorMaterials/ParticleSystems/PSysThumbnail_NoImage.uasset" 53
"../../../Engine/Content/EditorMaterials/ParticleSystems/PSysThumbnail_NoImage.uexp" 54
"../../../Engine/Content/EditorMaterials/ParticleSystems/PSysThumbnail_NoImage.ubulk" 55
"../../../Engine/Content/EditorMaterials/ParticleSystems/PSysThumbnail_OOD.uasset" 56
"../../../Engine/Content/EditorMaterials/ParticleSystems/PSysThumbnail_OOD.uexp" 57
"../../../Engine/Content/EditorMaterials/ParticleSystems/PSysThumbnail_OOD.ubulk" 58
"../../../Engine/Content/EditorMaterials/Camera/CineMat.uasset" 59
"../../../Engine/Content/EditorMaterials/Camera/CineMat.uexp" 60
"../../../Engine/Content/EditorMaterials/Camera/MI_CineMat_Rig.uasset" 61
"../../../Engine/Content/EditorMaterials/Camera/MI_CineMat_Rig.uexp" 62
"../../../Engine/Content/EditorMeshes/Camera/SM_CraneRig_Arm.uasset" 63
"../../../Engine/Content/EditorMeshes/Camera/SM_CraneRig_Arm.uexp" 64
"../../../Engine/Content/EditorMeshes/Camera/SM_CraneRig_Base.uasset" 65
"../../../Engine/Content/EditorMeshes/Camera/SM_CraneRig_Base.uexp" 66
"../../../Engine/Content/EditorMeshes/Camera/SM_CraneRig_Body.uasset" 67
"../../../Engine/Content/EditorMeshes/Camera/SM_CraneRig_Body.uexp" 68
"../../../Engine/Content/EditorMeshes/Camera/SM_CraneRig_Mount.uasset" 69
"../../../Engine/Content/EditorMeshes/Camera/SM_CraneRig_Mount.uexp" 70
"../../../Engine/Content/EditorMeshes/Camera/SM_RailRig_Mount.uasset" 71
"../../../Engine/Content/EditorMeshes/Camera/SM_RailRig_Mount.uexp" 72
"../../../Engine/Content/EditorMeshes/Camera/SM_RailRig_Track.uasset" 73
"../../../Engine/Content/EditorMeshes/Camera/SM_RailRig_Track.uexp" 74
"../../../Engine/Content/EditorResources/BSPVertex.uasset" 75
"../../../Engine/Content/EditorResources/BSPVertex.uexp" 76
"../../../Engine/Content/EditorResources/EmptyActor.uasset" 77
"../../../Engine/Content/EditorResources/EmptyActor.uexp" 78
"../../../Engine/Content/EditorResources/S_Actor.uasset" 79
"../../../Engine/Content/EditorResources/S_Actor.uexp" 80
"../../../Engine/Content/EditorResources/S_Actor.ubulk" 81
"../../../Engine/Content/EditorResources/S_Note.uasset" 82
"../../../Engine/Content/EditorResources/S_Note.uexp" 83
"../../../Engine/Content/EditorResources/S_Note.ubulk" 84
"../../../Engine/Content/EditorResources/S_Solver.uasset" 85
"../../../Engine/Content/EditorResources/S_Solver.uexp" 86
"../../../Engine/Content/EditorResources/S_Solver.ubulk" 87
"../../../Engine/Content/EditorResources/S_Terrain.uasset" 88
"../../../Engine/Content/EditorResources/S_Terrain.uexp" 89
"../../../Engine/Content/EditorResources/S_Terrain.ubulk" 90
"../../../Engine/Content/EditorResources/S_Trigger.uasset" 91
"../../../Engine/Content/EditorResources/S_Trigger.uexp" 92
"../../../Engine/Content/EditorResources/S_Trigger.ubulk" 93
"../../../Engine/Content/EditorResources/SequenceRecorder/Countdown.uasset" 94
"../../../Engine/Content/EditorResources/SequenceRecorder/Countdown.uexp" 95
"../../../Engine/Content/EditorResources/SequenceRecorder/RecordingIndicator.uasset" 96
"../../../Engine/Content/EditorResources/SequenceRecorder/RecordingIndicator.uexp" 97
"../../../Engine/Content/EngineDamageTypes/DmgTypeBP_Environmental.uasset" 98
"../../../Engine/Content/EngineDamageTypes/DmgTypeBP_Environmental.uexp" 99
"../../../Engine/Content/EngineDebugMaterials/DebugEditorMaterial.uasset" 100
"../../../Engine/Content/EngineDebugMaterials/DebugEditorMaterial.uexp" 101
"../../../Engine/Content/EngineDebugMaterials/DebugMeshMaterial.uasset" 102
"../../../Engine/Content/EngineDebugMaterials/DebugMeshMaterial.uexp" 103
"../../../Engine/Content/EngineDebugMaterials/M_SimpleUnlitTranslucent.uasset" 104
"../../../Engine/Content/EngineDebugMaterials/M_SimpleUnlitTranslucent.uexp" 105
"../../../Engine/Content/EngineDebugMaterials/VolumeToRender.uasset" 106
"../../../Engine/Content/EngineDebugMaterials/VolumeToRender.uexp" 107
"../../../Engine/Content/Functions/Engine_MaterialFunctions02/Utility/CameraDirectionVector.uasset" 108
"../../../Engine/Content/Functions/Engine_MaterialFunctions02/Utility/CameraDirectionVector.uexp" 109
"../../../Engine/Content/EngineDebugMaterials/M_VolumeRenderSphereTracePP.uasset" 110
"../../../Engine/Content/EngineDebugMaterials/M_VolumeRenderSphereTracePP.uexp" 111
"../../../Engine/Content/Functions/Engine_MaterialFunctions01/Shading/ConvertFromDiffSpec.uasset" 112
"../../../Engine/Content/Functions/Engine_MaterialFunctions01/Shading/ConvertFromDiffSpec.uexp" 113
"../../../Engine/Content/EngineDebugMaterials/VertexColorMaterial.uasset" 114
"../../../Engine/Content/EngineDebugMaterials/VertexColorMaterial.uexp" 115
"../../../Engine/Content/EngineDebugMaterials/WireframeMaterial.uasset" 116
"../../../Engine/Content/EngineDebugMaterials/WireframeMaterial.uexp" 117
"../../../Engine/Content/EngineMaterials/BaseFlattenNormalMap.uasset" 118
"../../../Engine/Content/EngineMaterials/BaseFlattenNormalMap.uexp" 119
"../../../Engine/Content/EngineMaterials/BaseFlattenGrayscaleMap.uasset" 120
"../../../Engine/Content/EngineMaterials/BaseFlattenGrayscaleMap.uexp" 121
"../../../Engine/Content/EngineMaterials/BaseFlattenEmissiveMap.uasset" 122
"../../../Engine/Content/EngineMaterials/BaseFlattenEmissiveMap.uexp" 123
"../../../Engine/Content/EngineMaterials/BaseFlattenDiffuseMap.uasset" 124
"../../../Engine/Content/EngineMaterials/BaseFlattenDiffuseMap.uexp" 125
"../../../Engine/Content/EngineMaterials/BaseFlattenMaterial.uasset" 126
"../../../Engine/Content/EngineMaterials/BaseFlattenMaterial.uexp" 127
"../../../Engine/Content/EngineMaterials/BlueNoise.uasset" 128
"../../../Engine/Content/EngineMaterials/BlueNoise.uexp" 129
"../../../Engine/Content/EngineMaterials/DefaultBloomKernel.uasset" 130
"../../../Engine/Content/EngineMaterials/DefaultBloomKernel.uexp" 131
"../../../Engine/Content/EngineMaterials/DefaultBokeh.uasset" 132
"../../../Engine/Content/EngineMaterials/DefaultBokeh.uexp" 133
"../../../Engine/Content/EngineMaterials/DefaultDiffuse.uasset" 134
"../../../Engine/Content/EngineMaterials/DefaultDiffuse.uexp" 135
"../../../Engine/Content/EngineMaterials/DefaultDiffuse.ubulk" 136
"../../../Engine/Content/EngineMaterials/DefaultDeferredDecalMaterial.uasset" 137
"../../../Engine/Content/EngineMaterials/DefaultDeferredDecalMaterial.uexp" 138
"../../../Engine/Content/EngineMaterials/DefaultLightFunctionMaterial.uasset" 139
"../../../Engine/Content/EngineMaterials/DefaultLightFunctionMaterial.uexp" 140
"../../../Engine/Content/EngineMaterials/DefaultPhysicalMaterial.uasset" 141
"../../../Engine/Content/EngineMaterials/DefaultPhysicalMaterial.uexp" 142
"../../../Engine/Content/Functions/Engine_MaterialFunctions02/Utility/BreakOutFloat2Components.uasset" 143
"../../../Engine/Content/Functions/Engine_MaterialFunctions02/Utility/BreakOutFloat2Components.uexp" 144
"../../../Engine/Content/EngineMaterials/DefaultPostProcessMaterial.uasset" 145
"../../../Engine/Content/EngineMaterials/DefaultPostProcessMaterial.uexp" 146
"../../../Engine/Content/EngineFonts/RobotoDistanceField.uasset" 147
"../../../Engine/Content/EngineFonts/RobotoDistanceField.uexp" 148
"../../../Engine/Content/EngineMaterials/DefaultTextMaterialOpaque.uasset" 149
"../../../Engine/Content/EngineMaterials/DefaultTextMaterialOpaque.uexp" 150
"../../../Engine/Content/EngineMaterials/DefaultWhiteGrid.uasset" 151
"../../../Engine/Content/EngineMaterials/DefaultWhiteGrid.uexp" 152
"../../../Engine/Content/EngineMaterials/DefaultWhiteGrid.ubulk" 153
"../../../Engine/Content/EngineMaterials/DefaultWhiteGrid_Low.uasset" 154
"../../../Engine/Content/EngineMaterials/DefaultWhiteGrid_Low.uexp" 155
"../../../Engine/Content/EngineMaterials/EmissiveMeshMaterial.uasset" 156
"../../../Engine/Content/EngineMaterials/EmissiveMeshMaterial.uexp" 157
"../../../Engine/Content/EngineMaterials/GizmoMaterial.uasset" 158
"../../../Engine/Content/EngineMaterials/GizmoMaterial.uexp" 159
"../../../Engine/Content/EngineMaterials/Good64x64TilingNoiseHighFreq.uasset" 160
"../../../Engine/Content/EngineMaterials/Good64x64TilingNoiseHighFreq.uexp" 161
"../../../Engine/Content/EngineMaterials/MiniFont.uasset" 162
"../../../Engine/Content/EngineMaterials/MiniFont.uexp" 163
"../../../Engine/Content/EngineMaterials/InvalidLightmapSettings.uasset" 164
"../../../Engine/Content/EngineMaterials/InvalidLightmapSettings.uexp" 165
"../../../Engine/Content/EngineMaterials/InvalidLightmapSettings.ubulk" 166
"../../../Engine/Content/EngineMaterials/M_InvalidLightmapSettings.uasset" 167
"../../../Engine/Content/EngineMaterials/M_InvalidLightmapSettings.uexp" 168
"../../../Engine/Content/Functions/Engine_MaterialFunctions02/WorldPositionOffset/CameraOffset.uasset" 169
"../../../Engine/Content/Functions/Engine_MaterialFunctions02/WorldPositionOffset/CameraOffset.uexp" 170
"../../../Engine/Content/EngineMaterials/PhAT_JointLimitMaterial.uasset" 171
"../../../Engine/Content/EngineMaterials/PhAT_JointLimitMaterial.uexp" 172
"../../../Engine/Content/EngineMaterials/DefaultCalibrationColor.uasset" 173
"../../../Engine/Content/EngineMaterials/DefaultCalibrationColor.uexp" 174
"../../../Engine/Content/EngineMaterials/PPM_DefaultCalibrationColor.uasset" 175
"../../../Engine/Content/EngineMaterials/PPM_DefaultCalibrationColor.uexp" 176
"../../../Engine/Content/EngineMaterials/DefaultCalibrationGrayscale.uasset" 177
"../../../Engine/Content/EngineMaterials/DefaultCalibrationGrayscale.uexp" 178
"../../../Engine/Content/EngineMaterials/PPM_DefaultCalibrationGrayscale.uasset" 179
"../../../Engine/Content/EngineMaterials/PPM_DefaultCalibrationGrayscale.uexp" 180
"../../../Engine/Content/EngineMaterials/PreintegratedSkinBRDF.uasset" 181
"../../../Engine/Content/EngineMaterials/PreintegratedSkinBRDF.uexp" 182
"../../../Engine/Content/EngineMaterials/RemoveSurfaceMaterial.uasset" 183
"../../../Engine/Content/EngineMaterials/RemoveSurfaceMaterial.uexp" 184
"../../../Engine/Content/EngineMaterials/WeightMapPlaceholderTexture.uasset" 185
"../../../Engine/Content/EngineMaterials/WeightMapPlaceholderTexture.uexp" 186
"../../../Engine/Content/EngineResources/WhiteSquareTexture.uasset" 187
"../../../Engine/Content/EngineResources/WhiteSquareTexture.uexp" 188
"../../../Engine/Content/EngineMaterials/Widget3DPassThrough.uasset" 189
"../../../Engine/Content/EngineMaterials/Widget3DPassThrough.uexp" 190
"../../../Engine/Content/EngineMaterials/Widget3DPassThrough_Masked.uasset" 191
"../../../Engine/Content/EngineMaterials/Widget3DPassThrough_Masked.uexp" 192
"../../../Engine/Content/EngineMaterials/Widget3DPassThrough_Opaque.uasset" 193
"../../../Engine/Content/EngineMaterials/Widget3DPassThrough_Opaque.uexp" 194
"../../../Engine/Content/EngineMaterials/Widget3DPassThrough_Masked_OneSided.uasset" 195
"../../../Engine/Content/EngineMaterials/Widget3DPassThrough_Masked_OneSided.uexp" 196
"../../../Engine/Content/EngineMaterials/Widget3DPassThrough_Opaque_OneSided.uasset" 197
"../../../Engine/Content/EngineMaterials/Widget3DPassThrough_Opaque_OneSided.uexp" 198
"../../../Engine/Content/EngineMaterials/Widget3DPassThrough_Translucent.uasset" 199
"../../../Engine/Content/EngineMaterials/Widget3DPassThrough_Translucent.uexp" 200
"../../../Engine/Content/EngineMaterials/Widget3DPassThrough_Translucent_OneSided.uasset" 201
"../../../Engine/Content/EngineMaterials/Widget3DPassThrough_Translucent_OneSided.uexp" 202
"../../../Engine/Content/EngineMeshes/Cylinder.uasset" 203
"../../../Engine/Content/EngineMeshes/Cylinder.uexp" 204
"../../../Engine/Content/EngineMeshes/Sphere.uasset" 205
"../../../Engine/Content/EngineMeshes/Sphere.uexp" 206
"../../../Engine/Content/EngineResources/DefaultTexture.uasset" 207
"../../../Engine/Content/EngineResources/DefaultTexture.uexp" 208
"../../../Engine/Content/EngineResources/DefaultTexture.ubulk" 209
"../../../Engine/Content/EngineResources/DefaultTextureCube.uasset" 210
"../../../Engine/Content/EngineResources/DefaultTextureCube.uexp" 211
"../../../Engine/Content/EngineResources/DefaultVolumeTexture2D.uasset" 212
"../../../Engine/Content/EngineResources/DefaultVolumeTexture2D.uexp" 213
"../../../Engine/Content/EngineResources/DefaultVolumeTexture.uasset" 214
"../../../Engine/Content/EngineResources/DefaultVolumeTexture.uexp" 215
"../../../Engine/Content/EngineResources/GradientTexture0.uasset" 216
"../../../Engine/Content/EngineResources/GradientTexture0.uexp" 217
"../../../Engine/Content/EngineSky/VolumetricClouds/T_NoiseShape64.uasset" 218
"../../../Engine/Content/EngineSky/VolumetricClouds/T_NoiseShape64.uexp" 219
"../../../Engine/Content/EngineSky/VolumetricClouds/T_NoiseShape64.ubulk" 220
"../../../Engine/Content/EngineSky/VolumetricClouds/T_VolumeNoiseShape64.uasset" 221
"../../../Engine/Content/EngineSky/VolumetricClouds/T_VolumeNoiseShape64.uexp" 222
"../../../Engine/Content/EngineSky/VolumetricClouds/T_NoiseErosion.uasset" 223
"../../../Engine/Content/EngineSky/VolumetricClouds/T_NoiseErosion.uexp" 224
"../../../Engine/Content/EngineSky/VolumetricClouds/T_NoiseErosion.ubulk" 225
"../../../Engine/Content/EngineSky/VolumetricClouds/T_VolumeNoiseErosion32.uasset" 226
"../../../Engine/Content/EngineSky/VolumetricClouds/T_VolumeNoiseErosion32.uexp" 227
"../../../Engine/Content/EngineSky/VolumetricClouds/CloudWeatherTexture.uasset" 228
"../../../Engine/Content/EngineSky/VolumetricClouds/CloudWeatherTexture.uexp" 229
"../../../Engine/Content/EngineSky/VolumetricClouds/CloudGradientTexture.uasset" 230
"../../../Engine/Content/EngineSky/VolumetricClouds/CloudGradientTexture.uexp" 231
"../../../Engine/Content/Functions/Engine_MaterialFunctions02/Utility/MakeFloat2.uasset" 232
"../../../Engine/Content/Functions/Engine_MaterialFunctions02/Utility/MakeFloat2.uexp" 233
"../../../Engine/Content/EngineSky/VolumetricClouds/m_SimpleVolumetricCloud.uasset" 234
"../../../Engine/Content/EngineSky/VolumetricClouds/m_SimpleVolumetricCloud.uexp" 235
"../../../Engine/Content/EngineSky/VolumetricClouds/m_SimpleVolumetricCloud_Inst.uasset" 236
"../../../Engine/Content/EngineSky/VolumetricClouds/m_SimpleVolumetricCloud_Inst.uexp" 237
"../../../Engine/Content/EngineSounds/Master.uasset" 238
"../../../Engine/Content/EngineSounds/Master.uexp" 239
"../../../Engine/Content/Functions/Engine_MaterialFunctions01/Shading/PowerToRoughness.uasset" 240
"../../../Engine/Content/Functions/Engine_MaterialFunctions01/Shading/PowerToRoughness.uexp" 241
"../../../Engine/Content/Maps/Templates/Thumbnails/Default.uasset" 242
"../../../Engine/Content/Maps/Templates/Thumbnails/Default.uexp" 243
"../../../Engine/Content/Maps/Templates/Thumbnails/TimeOfDay.uasset" 244
"../../../Engine/Content/Maps/Templates/Thumbnails/TimeOfDay.uexp" 245
"../../../Engine/Content/Maps/Templates/Thumbnails/VR-Basic.uasset" 246
"../../../Engine/Content/Maps/Templates/Thumbnails/VR-Basic.uexp" 247
"../../../Engine/Content/MobileResources/T_MobileControls_texture.uasset" 248
"../../../Engine/Content/MobileResources/T_MobileControls_texture.uexp" 249
"../../../Engine/Content/MobileResources/T_MobileMenu2.uasset" 250
"../../../Engine/Content/MobileResources/T_MobileMenu2.uexp" 251
"../../../Engine/Content/MobileResources/HUD/AnalogHat.uasset" 252
"../../../Engine/Content/MobileResources/HUD/AnalogHat.uexp" 253
"../../../Engine/Content/MobileResources/HUD/VirtualJoystick_Thumb.uasset" 254
"../../../Engine/Content/MobileResources/HUD/VirtualJoystick_Thumb.uexp" 255
"../../../Engine/Content/MobileResources/HUD/VirtualJoystick_Background.uasset" 256
"../../../Engine/Content/MobileResources/HUD/VirtualJoystick_Background.uexp" 257
"../../../Engine/Content/MobileResources/HUD/DefaultVirtualJoysticks.uasset" 258
"../../../Engine/Content/MobileResources/HUD/DefaultVirtualJoysticks.uexp" 259
"../../../Engine/Content/MobileResources/HUD/LeftVirtualJoystickOnly.uasset" 260
"../../../Engine/Content/MobileResources/HUD/LeftVirtualJoystickOnly.uexp" 261
"../../../Engine/Content/MobileResources/HUD/MobileHUDButton1_off.uasset" 262
"../../../Engine/Content/MobileResources/HUD/MobileHUDButton1_off.uexp" 263
"../../../Engine/Content/MobileResources/HUD/MobileHUDButton1_on.uasset" 264
"../../../Engine/Content/MobileResources/HUD/MobileHUDButton1_on.uexp" 265
"../../../Engine/Content/MobileResources/HUD/MobileHUDButton2_off.uasset" 266
"../../../Engine/Content/MobileResources/HUD/MobileHUDButton2_off.uexp" 267
"../../../Engine/Content/MobileResources/HUD/MobileHUDButton2_on.uasset" 268
"../../../Engine/Content/MobileResources/HUD/MobileHUDButton2_on.uexp" 269
"../../../Engine/Content/MobileResources/HUD/MobileHUDButton3.uasset" 270
"../../../Engine/Content/MobileResources/HUD/MobileHUDButton3.uexp" 271
"../../../Engine/Content/MobileResources/HUD/MobileHUDButtonFire.uasset" 272
"../../../Engine/Content/MobileResources/HUD/MobileHUDButtonFire.uexp" 273
"../../../Engine/Content/MobileResources/HUD/MobileHUDDirectionPad.uasset" 274
"../../../Engine/Content/MobileResources/HUD/MobileHUDDirectionPad.uexp" 275
"../../../Engine/Content/MobileResources/HUD/MobileHUDDirectionPad2.uasset" 276
"../../../Engine/Content/MobileResources/HUD/MobileHUDDirectionPad2.uexp" 277
"../../../Engine/Content/MobileResources/HUD/MobileHUDDirectionPad3.uasset" 278
"../../../Engine/Content/MobileResources/HUD/MobileHUDDirectionPad3.uexp" 279
"../../../Engine/Content/MobileResources/HUD/MobileHUDDirectionStick.uasset" 280
"../../../Engine/Content/MobileResources/HUD/MobileHUDDirectionStick.uexp" 281
"../../../Engine/Content/MobileResources/HUD/T_Castle_ThumbstickInner.uasset" 282
"../../../Engine/Content/MobileResources/HUD/T_Castle_ThumbstickInner.uexp" 283
"../../../Engine/Content/MobileResources/HUD/T_Castle_ThumbstickOutter.uasset" 284
"../../../Engine/Content/MobileResources/HUD/T_Castle_ThumbstickOutter.uexp" 285
"../../../Engine/Content/Tutorial/ContentIntroCurve.uasset" 286
"../../../Engine/Content/Tutorial/ContentIntroCurve.uexp" 287
"../../../Engine/Content/Tutorial/Basics/TutorialAssets/icon_tab_Levels_40x.uasset" 288
"../../../Engine/Content/Tutorial/Basics/TutorialAssets/icon_tab_Levels_40x.uexp" 289
"../../../Engine/Content/Tutorial/BlueprintTutorials/TutorialAssets/Blueprint_64x.uasset" 290
"../../../Engine/Content/Tutorial/BlueprintTutorials/TutorialAssets/Blueprint_64x.uexp" 291
"../../../Engine/Content/VREditor/TransformGizmo/TranslucentTransformGizmoMaterial.uasset" 292
"../../../Engine/Content/VREditor/TransformGizmo/TranslucentTransformGizmoMaterial.uexp" 293
"../../../Engine/Content/VREditor/LaserPointer/VR_LaserPower_01.uasset" 294
"../../../Engine/Content/VREditor/LaserPointer/VR_LaserPower_01.uexp" 295
"../../../Engine/Content/VREditor/LaserPointer/VR_LaserPower_01.ubulk" 296
"../../../Engine/Content/VREditor/TransformGizmo/TransformGizmoMaterial.uasset" 297
"../../../Engine/Content/VREditor/TransformGizmo/TransformGizmoMaterial.uexp" 298
"../../../Engine/Content/VREditor/TransformGizmo/BoundingBoxCorner.uasset" 299
"../../../Engine/Content/VREditor/TransformGizmo/BoundingBoxCorner.uexp" 300
"../../../Engine/Content/VREditor/TransformGizmo/BoundingBoxEdge.uasset" 301
"../../../Engine/Content/VREditor/TransformGizmo/BoundingBoxEdge.uexp" 302
"../../../Engine/Content/VREditor/TransformGizmo/PlaneTranslationHandle.uasset" 303
"../../../Engine/Content/VREditor/TransformGizmo/PlaneTranslationHandle.uexp" 304
"../../../Engine/Content/VREditor/TransformGizmo/Xray.uasset" 305
"../../../Engine/Content/VREditor/TransformGizmo/Xray.uexp" 306
"../../../Engine/Content/VREditor/TransformGizmo/Main.uasset" 307
"../../../Engine/Content/VREditor/TransformGizmo/Main.uexp" 308
"../../../Engine/Content/VREditor/TransformGizmo/SM_Sequencer_Key.uasset" 309
"../../../Engine/Content/VREditor/TransformGizmo/SM_Sequencer_Key.uexp" 310
"../../../Engine/Content/VREditor/TransformGizmo/SM_Sequencer_Node.uasset" 311
"../../../Engine/Content/VREditor/TransformGizmo/SM_Sequencer_Node.uexp" 312
"../../../Engine/Plugins/2D/Paper2D/Content/PlaceholderTextures/DummySpriteTexture.uasset" 313
"../../../Engine/Plugins/2D/Paper2D/Content/PlaceholderTextures/DummySpriteTexture.uexp" 314
"../../../Engine/Plugins/2D/Paper2D/Content/PlaceholderTextures/DummySpriteTexture.ubulk" 315
"../../../Engine/Plugins/2D/Paper2D/Content/DummySprite.uasset" 316
"../../../Engine/Plugins/2D/Paper2D/Content/DummySprite.uexp" 317
"../../../Engine/Plugins/2D/Paper2D/Content/DefaultPaperTerrainMaterial.uasset" 318
"../../../Engine/Plugins/2D/Paper2D/Content/DefaultPaperTerrainMaterial.uexp" 319
"../../../Engine/Plugins/2D/Paper2D/Content/DefaultSpriteMaterial.uasset" 320
"../../../Engine/Plugins/2D/Paper2D/Content/DefaultSpriteMaterial.uexp" 321
"../../../Engine/Plugins/2D/Paper2D/Content/MaskedUnlitSpriteMaterial.uasset" 322
"../../../Engine/Plugins/2D/Paper2D/Content/MaskedUnlitSpriteMaterial.uexp" 323
"../../../Engine/Plugins/2D/Paper2D/Content/OpaqueUnlitSpriteMaterial.uasset" 324
"../../../Engine/Plugins/2D/Paper2D/Content/OpaqueUnlitSpriteMaterial.uexp" 325
"../../../Engine/Content/Functions/Engine_MaterialFunctions02/Utility/VectorLength.uasset" 326
"../../../Engine/Content/Functions/Engine_MaterialFunctions02/Utility/VectorLength.uexp" 327
"../../../Engine/Content/Functions/Engine_MaterialFunctions02/WorldPositionOffset/ObjectScale.uasset" 328
"../../../Engine/Content/Functions/Engine_MaterialFunctions02/WorldPositionOffset/ObjectScale.uexp" 329
"../../../Engine/Content/Functions/Engine_MaterialFunctions02/Utility/BreakOutFloat3Components.uasset" 330
"../../../Engine/Content/Functions/Engine_MaterialFunctions02/Utility/BreakOutFloat3Components.uexp" 331
"../../../Engine/Plugins/Editor/SpeedTreeImporter/Content/SpeedTree9/UnpackInteger3.uasset" 332
"../../../Engine/Plugins/Editor/SpeedTreeImporter/Content/SpeedTree9/UnpackInteger3.uexp" 333
"../../../Engine/Plugins/Editor/SpeedTreeImporter/Content/SpeedTree9/UnpackDirection.uasset" 334
"../../../Engine/Plugins/Editor/SpeedTreeImporter/Content/SpeedTree9/UnpackDirection.uexp" 335
"../../../Engine/Plugins/Editor/SpeedTreeImporter/Content/SpeedTree9/game_wind_noise.uasset" 336
"../../../Engine/Plugins/Editor/SpeedTreeImporter/Content/SpeedTree9/game_wind_noise.uexp" 337
"../../../Engine/Plugins/Editor/SpeedTreeImporter/Content/SpeedTree9/game_wind_noise.ubulk" 338
"../../../Engine/Content/Functions/Engine_MaterialFunctions02/SafeNormalize.uasset" 339
"../../../Engine/Content/Functions/Engine_MaterialFunctions02/SafeNormalize.uexp" 340
"../../../Engine/Plugins/Editor/SpeedTreeImporter/Content/SpeedTree9/SpeedTreeWindMotion.uasset" 341
"../../../Engine/Plugins/Editor/SpeedTreeImporter/Content/SpeedTree9/SpeedTreeWindMotion.uexp" 342
"../../../Engine/Plugins/Editor/SpeedTreeImporter/Content/SpeedTree9/SpeedTreeBranchMotion.uasset" 343
"../../../Engine/Plugins/Editor/SpeedTreeImporter/Content/SpeedTree9/SpeedTreeBranchMotion.uexp" 344
"../../../Engine/Content/Functions/Engine_MaterialFunctions02/ObjectLocalBounds.uasset" 345
"../../../Engine/Content/Functions/Engine_MaterialFunctions02/ObjectLocalBounds.uexp" 346
"../../../Engine/Content/Functions/Engine_MaterialFunctions02/UVs/BoundingBoxBased_0-1_UVW.uasset" 347
"../../../Engine/Content/Functions/Engine_MaterialFunctions02/UVs/BoundingBoxBased_0-1_UVW.uexp" 348
"../../../Engine/Plugins/Editor/SpeedTreeImporter/Content/SpeedTree9/SpeedTreeWind.uasset" 349
"../../../Engine/Plugins/Editor/SpeedTreeImporter/Content/SpeedTree9/SpeedTreeWind.uexp" 350
"../../../Engine/Plugins/Editor/SpeedTreeImporter/Content/SpeedTree9/SpeedTreeBillboard.uasset" 351
"../../../Engine/Plugins/Editor/SpeedTreeImporter/Content/SpeedTree9/SpeedTreeBillboard.uexp" 352
"../../../Engine/Plugins/Editor/SpeedTreeImporter/Content/SpeedTree9/EmptyNormal.uasset" 353
"../../../Engine/Plugins/Editor/SpeedTreeImporter/Content/SpeedTree9/EmptyNormal.uexp" 354
"../../../Engine/Plugins/Editor/SpeedTreeImporter/Content/SpeedTree9/Empty.uasset" 355
"../../../Engine/Plugins/Editor/SpeedTreeImporter/Content/SpeedTree9/Empty.uexp" 356
"../../../Engine/Plugins/Editor/SpeedTreeImporter/Content/SpeedTree9/SpeedTreeBillboardMaster.uasset" 357
"../../../Engine/Plugins/Editor/SpeedTreeImporter/Content/SpeedTree9/SpeedTreeBillboardMaster.uexp" 358
"../../../Engine/Plugins/Editor/SpeedTreeImporter/Content/SpeedTree9/SpeedTreeCameraFacing.uasset" 359
"../../../Engine/Plugins/Editor/SpeedTreeImporter/Content/SpeedTree9/SpeedTreeCameraFacing.uexp" 360
"../../../Engine/Plugins/Editor/SpeedTreeImporter/Content/SpeedTree9/SpeedTreeMaster.uasset" 361
"../../../Engine/Plugins/Editor/SpeedTreeImporter/Content/SpeedTree9/SpeedTreeMaster.uexp" 362
"../../../Engine/Content/BasicShapes/Cylinder.uasset" 363
"../../../Engine/Content/BasicShapes/Cylinder.uexp" 364
"../../../Engine/Content/ArtTools/RenderToTexture/Materials/Debug/M_Emissive_Color.uasset" 365
"../../../Engine/Content/ArtTools/RenderToTexture/Materials/Debug/M_Emissive_Color.uexp" 366
"../../../Engine/Plugins/Lumin/MagicLeapPassableWorld/Content/MagicLeapARPinInfoActor.uasset" 367
"../../../Engine/Plugins/Lumin/MagicLeapPassableWorld/Content/MagicLeapARPinInfoActor.uexp" 368
"../../../Engine/Plugins/Runtime/OpenXR/Content/Devices/GoogleDaydream/MRTexture.uasset" 369
"../../../Engine/Plugins/Runtime/OpenXR/Content/Devices/GoogleDaydream/MRTexture.uexp" 370
"../../../Engine/Plugins/Runtime/OpenXR/Content/Devices/GoogleDaydream/MRTexture.ubulk" 371
"../../../Engine/Plugins/Runtime/OpenXR/Content/Devices/GoogleDaydream/BaseTexture.uasset" 372
"../../../Engine/Plugins/Runtime/OpenXR/Content/Devices/GoogleDaydream/BaseTexture.uexp" 373
"../../../Engine/Plugins/Runtime/OpenXR/Content/Devices/GoogleDaydream/BaseTexture.ubulk" 374
"../../../Engine/Content/EngineResources/Black.uasset" 375
"../../../Engine/Content/EngineResources/Black.uexp" 376
"../../../Engine/Plugins/Runtime/OpenXR/Content/Devices/M_XRController.uasset" 377
"../../../Engine/Plugins/Runtime/OpenXR/Content/Devices/M_XRController.uexp" 378
"../../../Engine/Plugins/Runtime/OpenXR/Content/Devices/GoogleDaydream/MI_GoogleDaydream.uasset" 379
"../../../Engine/Plugins/Runtime/OpenXR/Content/Devices/GoogleDaydream/MI_GoogleDaydream.uexp" 380
"../../../Engine/Plugins/Runtime/OpenXR/Content/Devices/GoogleDaydream/GoogleDaydreamController.uasset" 381
"../../../Engine/Plugins/Runtime/OpenXR/Content/Devices/GoogleDaydream/GoogleDaydreamController.uexp" 382
"../../../Engine/Plugins/Runtime/OpenXR/Content/Devices/HTCVive/BaseTexture.uasset" 383
"../../../Engine/Plugins/Runtime/OpenXR/Content/Devices/HTCVive/BaseTexture.uexp" 384
"../../../Engine/Plugins/Runtime/OpenXR/Content/Devices/HTCVive/BaseTexture.ubulk" 385
"../../../Engine/Plugins/Runtime/OpenXR/Content/Devices/HTCVive/MI_HTCVive.uasset" 386
"../../../Engine/Plugins/Runtime/OpenXR/Content/Devices/HTCVive/MI_HTCVive.uexp" 387
"../../../Engine/Plugins/Runtime/OpenXR/Content/Devices/HTCVive/HTCViveController.uasset" 388
"../../../Engine/Plugins/Runtime/OpenXR/Content/Devices/HTCVive/HTCViveController.uexp" 389
"../../../Engine/Plugins/Runtime/OpenXR/Content/Devices/MicrosoftMixedReality/NormalTexture.uasset" 390
"../../../Engine/Plugins/Runtime/OpenXR/Content/Devices/MicrosoftMixedReality/NormalTexture.uexp" 391
"../../../Engine/Plugins/Runtime/OpenXR/Content/Devices/MicrosoftMixedReality/NormalTexture.ubulk" 392
"../../../Engine/Plugins/Runtime/OpenXR/Content/Devices/MicrosoftMixedReality/MRTexture.uasset" 393
"../../../Engine/Plugins/Runtime/OpenXR/Content/Devices/MicrosoftMixedReality/MRTexture.uexp" 394
"../../../Engine/Plugins/Runtime/OpenXR/Content/Devices/MicrosoftMixedReality/MRTexture.ubulk" 395
"../../../Engine/Plugins/Runtime/OpenXR/Content/Devices/MicrosoftMixedReality/EmissiveTexture.uasset" 396
"../../../Engine/Plugins/Runtime/OpenXR/Content/Devices/MicrosoftMixedReality/EmissiveTexture.uexp" 397
"../../../Engine/Plugins/Runtime/OpenXR/Content/Devices/MicrosoftMixedReality/EmissiveTexture.ubulk" 398
"../../../Engine/Plugins/Runtime/OpenXR/Content/Devices/MicrosoftMixedReality/BaseTexture.uasset" 399
"../../../Engine/Plugins/Runtime/OpenXR/Content/Devices/MicrosoftMixedReality/BaseTexture.uexp" 400
"../../../Engine/Plugins/Runtime/OpenXR/Content/Devices/MicrosoftMixedReality/BaseTexture.ubulk" 401
"../../../Engine/Plugins/Runtime/OpenXR/Content/Devices/MicrosoftMixedReality/MI_MicrosoftMixedReality.uasset" 402
"../../../Engine/Plugins/Runtime/OpenXR/Content/Devices/MicrosoftMixedReality/MI_MicrosoftMixedReality.uexp" 403
"../../../Engine/Plugins/Runtime/OpenXR/Content/Devices/MicrosoftMixedReality/Left/left_MicrosoftMixedRealityController.uasset" 404
"../../../Engine/Plugins/Runtime/OpenXR/Content/Devices/MicrosoftMixedReality/Left/left_MicrosoftMixedRealityController.uexp" 405
"../../../Engine/Plugins/Runtime/OpenXR/Content/Devices/MicrosoftMixedReality/Right/right_MicrosoftMixedRealityController.uasset" 406
"../../../Engine/Plugins/Runtime/OpenXR/Content/Devices/MicrosoftMixedReality/Right/right_MicrosoftMixedRealityController.uexp" 407
"../../../Engine/Plugins/Runtime/OpenXR/Content/Devices/OculusGo/BaseTexture.uasset" 408
"../../../Engine/Plugins/Runtime/OpenXR/Content/Devices/OculusGo/BaseTexture.uexp" 409
"../../../Engine/Plugins/Runtime/OpenXR/Content/Devices/OculusGo/BaseTexture.ubulk" 410
"../../../Engine/Plugins/Runtime/OpenXR/Content/Devices/OculusGo/MI_OculusGo.uasset" 411
"../../../Engine/Plugins/Runtime/OpenXR/Content/Devices/OculusGo/MI_OculusGo.uexp" 412
"../../../Engine/Plugins/Runtime/OpenXR/Content/Devices/OculusGo/OculusGoController.uasset" 413
"../../../Engine/Plugins/Runtime/OpenXR/Content/Devices/OculusGo/OculusGoController.uexp" 414
"../../../Engine/Plugins/Runtime/OpenXR/Content/Devices/OculusTouch/MRTexture.uasset" 415
"../../../Engine/Plugins/Runtime/OpenXR/Content/Devices/OculusTouch/MRTexture.uexp" 416
"../../../Engine/Plugins/Runtime/OpenXR/Content/Devices/OculusTouch/MRTexture.ubulk" 417
"../../../Engine/Plugins/Runtime/OpenXR/Content/Devices/OculusTouch/BaseTexture.uasset" 418
"../../../Engine/Plugins/Runtime/OpenXR/Content/Devices/OculusTouch/BaseTexture.uexp" 419
"../../../Engine/Plugins/Runtime/OpenXR/Content/Devices/OculusTouch/BaseTexture.ubulk" 420
"../../../Engine/Plugins/Runtime/OpenXR/Content/Devices/OculusTouch/MI_OculusTouch.uasset" 421
"../../../Engine/Plugins/Runtime/OpenXR/Content/Devices/OculusTouch/MI_OculusTouch.uexp" 422
"../../../Engine/Plugins/Runtime/OpenXR/Content/Devices/OculusTouch/Left/left_OculusTouchController.uasset" 423
"../../../Engine/Plugins/Runtime/OpenXR/Content/Devices/OculusTouch/Left/left_OculusTouchController.uexp" 424
"../../../Engine/Plugins/Runtime/OpenXR/Content/Devices/OculusTouch/Right/right_OculusTouchController.uasset" 425
"../../../Engine/Plugins/Runtime/OpenXR/Content/Devices/OculusTouch/Right/right_OculusTouchController.uexp" 426
"../../../Engine/Plugins/Runtime/OpenXR/Content/Devices/OculusTouch_v2/MRTexture.uasset" 427
"../../../Engine/Plugins/Runtime/OpenXR/Content/Devices/OculusTouch_v2/MRTexture.uexp" 428
"../../../Engine/Plugins/Runtime/OpenXR/Content/Devices/OculusTouch_v2/MRTexture.ubulk" 429
"../../../Engine/Plugins/Runtime/OpenXR/Content/Devices/OculusTouch_v2/BaseTexture.uasset" 430
"../../../Engine/Plugins/Runtime/OpenXR/Content/Devices/OculusTouch_v2/BaseTexture.uexp" 431
"../../../Engine/Plugins/Runtime/OpenXR/Content/Devices/OculusTouch_v2/BaseTexture.ubulk" 432
"../../../Engine/Plugins/Runtime/OpenXR/Content/Devices/OculusTouch_v2/MI_OculusTouch_v2.uasset" 433
"../../../Engine/Plugins/Runtime/OpenXR/Content/Devices/OculusTouch_v2/MI_OculusTouch_v2.uexp" 434
"../../../Engine/Plugins/Runtime/OpenXR/Content/Devices/OculusTouch_v2/Left/left_OculusTouch_v2Controller.uasset" 435
"../../../Engine/Plugins/Runtime/OpenXR/Content/Devices/OculusTouch_v2/Left/left_OculusTouch_v2Controller.uexp" 436
"../../../Engine/Plugins/Runtime/OpenXR/Content/Devices/OculusTouch_v2/Right/right_OculusTouch_v2Controller.uasset" 437
"../../../Engine/Plugins/Runtime/OpenXR/Content/Devices/OculusTouch_v2/Right/right_OculusTouch_v2Controller.uexp" 438
"../../../Engine/Plugins/Runtime/OpenXR/Content/Devices/OculusTouch_v3/MRTexture.uasset" 439
"../../../Engine/Plugins/Runtime/OpenXR/Content/Devices/OculusTouch_v3/MRTexture.uexp" 440
"../../../Engine/Plugins/Runtime/OpenXR/Content/Devices/OculusTouch_v3/MRTexture.ubulk" 441
"../../../Engine/Plugins/Runtime/OpenXR/Content/Devices/OculusTouch_v3/BaseTexture.uasset" 442
"../../../Engine/Plugins/Runtime/OpenXR/Content/Devices/OculusTouch_v3/BaseTexture.uexp" 443
"../../../Engine/Plugins/Runtime/OpenXR/Content/Devices/OculusTouch_v3/BaseTexture.ubulk" 444
"../../../Engine/Plugins/Runtime/OpenXR/Content/Devices/OculusTouch_v3/MI_OculusTouch_v3.uasset" 445
"../../../Engine/Plugins/Runtime/OpenXR/Content/Devices/OculusTouch_v3/MI_OculusTouch_v3.uexp" 446
"../../../Engine/Plugins/Runtime/OpenXR/Content/Devices/OculusTouch_v3/Left/left_OculusTouch_v3Controller.uasset" 447
"../../../Engine/Plugins/Runtime/OpenXR/Content/Devices/OculusTouch_v3/Left/left_OculusTouch_v3Controller.uexp" 448
"../../../Engine/Plugins/Runtime/OpenXR/Content/Devices/OculusTouch_v3/Right/right_OculusTouch_v3Controller.uasset" 449
"../../../Engine/Plugins/Runtime/OpenXR/Content/Devices/OculusTouch_v3/Right/right_OculusTouch_v3Controller.uexp" 450
"../../../Engine/Plugins/Runtime/OpenXR/Content/Devices/ValveIndex/MRTexture.uasset" 451
"../../../Engine/Plugins/Runtime/OpenXR/Content/Devices/ValveIndex/MRTexture.uexp" 452
"../../../Engine/Plugins/Runtime/OpenXR/Content/Devices/ValveIndex/MRTexture.ubulk" 453
"../../../Engine/Plugins/Runtime/OpenXR/Content/Devices/ValveIndex/BaseTexture.uasset" 454
"../../../Engine/Plugins/Runtime/OpenXR/Content/Devices/ValveIndex/BaseTexture.uexp" 455
"../../../Engine/Plugins/Runtime/OpenXR/Content/Devices/ValveIndex/BaseTexture.ubulk" 456
"../../../Engine/Plugins/Runtime/OpenXR/Content/Devices/ValveIndex/Left/MI_left_ValveIndex.uasset" 457
"../../../Engine/Plugins/Runtime/OpenXR/Content/Devices/ValveIndex/Left/MI_left_ValveIndex.uexp" 458
"../../../Engine/Plugins/Runtime/OpenXR/Content/Devices/ValveIndex/Left/left_ValveIndexController.uasset" 459
"../../../Engine/Plugins/Runtime/OpenXR/Content/Devices/ValveIndex/Left/left_ValveIndexController.uexp" 460
"../../../Engine/Plugins/Runtime/OpenXR/Content/Devices/ValveIndex/Right/MI_right_ValveIndex.uasset" 461
"../../../Engine/Plugins/Runtime/OpenXR/Content/Devices/ValveIndex/Right/MI_right_ValveIndex.uexp" 462
"../../../Engine/Plugins/Runtime/OpenXR/Content/Devices/ValveIndex/Right/right_ValveIndexController.uasset" 463
"../../../Engine/Plugins/Runtime/OpenXR/Content/Devices/ValveIndex/Right/right_ValveIndexController.uexp" 464
"../../../Engine/Content/Functions/Engine_MaterialFunctions02/Utility/BreakOutFloat4Components.uasset" 465
"../../../Engine/Content/Functions/Engine_MaterialFunctions02/Utility/BreakOutFloat4Components.uexp" 466
"../../../Engine/Content/Functions/Engine_MaterialFunctions02/Utility/MakeFloat3.uasset" 467
"../../../Engine/Content/Functions/Engine_MaterialFunctions02/Utility/MakeFloat3.uexp" 468
"../../../Engine/Plugins/Runtime/Oculus/OculusVR/Content/Materials/OculusMR_ChromaKey.uasset" 469
"../../../Engine/Plugins/Runtime/Oculus/OculusVR/Content/Materials/OculusMR_ChromaKey.uexp" 470
"../../../Engine/Plugins/Runtime/Oculus/OculusVR/Content/Materials/OculusMR_OpaqueColoredMaterial.uasset" 471
"../../../Engine/Plugins/Runtime/Oculus/OculusVR/Content/Materials/OculusMR_OpaqueColoredMaterial.uexp" 472
"../../../Engine/Plugins/Runtime/Oculus/OculusVR/Content/Materials/PokeAHoleMaterial.uasset" 473
"../../../Engine/Plugins/Runtime/Oculus/OculusVR/Content/Materials/PokeAHoleMaterial.uexp" 474
"../../../Engine/Plugins/Runtime/Oculus/OculusVR/Content/Textures/touchController_controlmap.uasset" 475
"../../../Engine/Plugins/Runtime/Oculus/OculusVR/Content/Textures/touchController_controlmap.uexp" 476
"../../../Engine/Plugins/Runtime/Oculus/OculusVR/Content/Textures/touchController_controlmap.ubulk" 477
"../../../Engine/Plugins/Runtime/Oculus/OculusVR/Content/Textures/touchController_albedo.uasset" 478
"../../../Engine/Plugins/Runtime/Oculus/OculusVR/Content/Textures/touchController_albedo.uexp" 479
"../../../Engine/Plugins/Runtime/Oculus/OculusVR/Content/Textures/touchController_albedo.ubulk" 480
"../../../Engine/Plugins/Runtime/Oculus/OculusVR/Content/Materials/touchController_mat.uasset" 481
"../../../Engine/Plugins/Runtime/Oculus/OculusVR/Content/Materials/touchController_mat.uexp" 482
"../../../Engine/Plugins/Runtime/Oculus/OculusVR/Content/Meshes/LeftTouchController.uasset" 483
"../../../Engine/Plugins/Runtime/Oculus/OculusVR/Content/Meshes/LeftTouchController.uexp" 484
"../../../Engine/Plugins/Runtime/Oculus/OculusVR/Content/Textures/TouchForQuestRiftSController_albedo.uasset" 485
"../../../Engine/Plugins/Runtime/Oculus/OculusVR/Content/Textures/TouchForQuestRiftSController_albedo.uexp" 486
"../../../Engine/Plugins/Runtime/Oculus/OculusVR/Content/Textures/TouchForQuestRiftSController_albedo.ubulk" 487
"../../../Engine/Plugins/Runtime/Oculus/OculusVR/Content/Materials/TouchForQuestRiftSControllerMaterial.uasset" 488
"../../../Engine/Plugins/Runtime/Oculus/OculusVR/Content/Materials/TouchForQuestRiftSControllerMaterial.uexp" 489
"../../../Engine/Plugins/Runtime/Oculus/OculusVR/Content/Meshes/LeftTouchForQuestRiftSController.uasset" 490
"../../../Engine/Plugins/Runtime/Oculus/OculusVR/Content/Meshes/LeftTouchForQuestRiftSController.uexp" 491
"../../../Engine/Plugins/Runtime/Oculus/OculusVR/Content/Meshes/RiftHMD.uasset" 492
"../../../Engine/Plugins/Runtime/Oculus/OculusVR/Content/Meshes/RiftHMD.uexp" 493
"../../../Engine/Plugins/Runtime/Oculus/OculusVR/Content/Meshes/RightTouchController.uasset" 494
"../../../Engine/Plugins/Runtime/Oculus/OculusVR/Content/Meshes/RightTouchController.uexp" 495
"../../../Engine/Plugins/Runtime/Oculus/OculusVR/Content/Meshes/RightTouchForQuestRiftSController.uasset" 496
"../../../Engine/Plugins/Runtime/Oculus/OculusVR/Content/Meshes/RightTouchForQuestRiftSController.uexp" 497
"G:/Unreal/Totem/Content/Totem/Texture/HUD/Worker.uasset" 498
"G:/Unreal/Totem/Content/Totem/Texture/HUD/Worker.uexp" 499
"G:/Unreal/Totem/Content/Totem/Texture/HUD/Men.uasset" 500
"G:/Unreal/Totem/Content/Totem/Texture/HUD/Men.uexp" 501
"G:/Unreal/Totem/Content/Totem/Texture/HUD/House.uasset" 502
"G:/Unreal/Totem/Content/Totem/Texture/HUD/House.uexp" 503
"../../../Engine/Content/Functions/Engine_MaterialFunctions01/Density/ExponentialDensity.uasset" 504
"../../../Engine/Content/Functions/Engine_MaterialFunctions01/Density/ExponentialDensity.uexp" 505
"../../../Engine/Content/Functions/Engine_MaterialFunctions01/Gradient/RadialGradientExponential.uasset" 506
"../../../Engine/Content/Functions/Engine_MaterialFunctions01/Gradient/RadialGradientExponential.uexp" 507
"../../../Engine/Content/Functions/Engine_MaterialFunctions01/Gradient/LinearGradient.uasset" 508
"../../../Engine/Content/Functions/Engine_MaterialFunctions01/Gradient/LinearGradient.uexp" 509
"G:/Unreal/Totem/Content/Totem/Material/Widget/Basic_Button_Material.uasset" 510
"G:/Unreal/Totem/Content/Totem/Material/Widget/Basic_Button_Material.uexp" 511
"G:/Unreal/Totem/Content/Totem/Material/Widget/Basic_Border_Mat.uasset" 512
"G:/Unreal/Totem/Content/Totem/Material/Widget/Basic_Border_Mat.uexp" 513
"G:/Unreal/Totem/Content/Totem/HUD/Basic_Widget/WBP_Basic_Background.uasset" 514
"G:/Unreal/Totem/Content/Totem/HUD/Basic_Widget/WBP_Basic_Background.uexp" 515
"G:/Unreal/Totem/Content/Totem/HUD/Ressources_Widget/WBP_Tooltip.uasset" 516
"G:/Unreal/Totem/Content/Totem/HUD/Ressources_Widget/WBP_Tooltip.uexp" 517
"../../../Engine/Content/BasicShapes/Cube.uasset" 518
"../../../Engine/Content/BasicShapes/Cube.uexp" 519
"G:/Unreal/Totem/Content/Totem/Material/Villager/Villager_Mat.uasset" 520
"G:/Unreal/Totem/Content/Totem/Material/Villager/Villager_Mat.uexp" 521
"G:/Unreal/Totem/Content/Totem/Utilities/Enum/Interactable_Type.uasset" 522
"G:/Unreal/Totem/Content/Totem/Utilities/Enum/Interactable_Type.uexp" 523
"G:/Unreal/Totem/Content/Totem/Utilities/Enum/Ressource_Type.uasset" 524
"G:/Unreal/Totem/Content/Totem/Utilities/Enum/Ressource_Type.uexp" 525
"G:/Unreal/Totem/Content/StarterContent/Materials/M_Basic_Wall.uasset" 526
"G:/Unreal/Totem/Content/StarterContent/Materials/M_Basic_Wall.uexp" 527
"G:/Unreal/Totem/Content/StarterContent/Shapes/Shape_Cone.uasset" 528
"G:/Unreal/Totem/Content/StarterContent/Shapes/Shape_Cone.uexp" 529
"G:/Unreal/Totem/Content/Totem/Texture/HUD/Hammer.uasset" 530
"G:/Unreal/Totem/Content/Totem/Texture/HUD/Hammer.uexp" 531
"G:/Unreal/Totem/Content/Totem/Material/Web/Web_Mat.uasset" 532
"G:/Unreal/Totem/Content/Totem/Material/Web/Web_Mat.uexp" 533
"G:/Unreal/Totem/Content/Totem/Material/Web/Web_Mat_Inst.uasset" 534
"G:/Unreal/Totem/Content/Totem/Material/Web/Web_Mat_Inst.uexp" 535
"G:/Unreal/Totem/Content/Totem/Meshes/Web/Web.uasset" 536
"G:/Unreal/Totem/Content/Totem/Meshes/Web/Web.uexp" 537
"G:/Unreal/Totem/Content/Totem/Texture/HUD/Power.uasset" 538
"G:/Unreal/Totem/Content/Totem/Texture/HUD/Power.uexp" 539
"G:/Unreal/Totem/Content/Totem/Texture/HUD/Link.uasset" 540
"G:/Unreal/Totem/Content/Totem/Texture/HUD/Link.uexp" 541
"G:/Unreal/Totem/Content/Totem/Texture/HUD/Link.ubulk" 542
"G:/Unreal/Totem/Content/Totem/Texture/HUD/Rectangle.uasset" 543
"G:/Unreal/Totem/Content/Totem/Texture/HUD/Rectangle.uexp" 544
"G:/Unreal/Totem/Content/Totem/Texture/HUD/Border.uasset" 545
"G:/Unreal/Totem/Content/Totem/Texture/HUD/Border.uexp" 546
"G:/Unreal/Totem/Content/Totem/HUD/Ressources_Widget/WBP_Worker_Amount.uasset" 547
"G:/Unreal/Totem/Content/Totem/HUD/Ressources_Widget/WBP_Worker_Amount.uexp" 548
"../../../Engine/Content/EditorBlueprintResources/StandardMacros.uasset" 549
"../../../Engine/Content/EditorBlueprintResources/StandardMacros.uexp" 550
"G:/Unreal/Totem/Content/Totem/HUD/Ressources_Widget/WBP_Full_Stock_Widget.uasset" 551
"G:/Unreal/Totem/Content/Totem/HUD/Ressources_Widget/WBP_Full_Stock_Widget.uexp" 552
"G:/Unreal/Totem/Content/Totem/Material/Ressources/Wood_Mat.uasset" 553
"G:/Unreal/Totem/Content/Totem/Material/Ressources/Wood_Mat.uexp" 554
"../../../Engine/Content/BasicShapes/Sphere.uasset" 555
"../../../Engine/Content/BasicShapes/Sphere.uexp" 556
"G:/Unreal/Totem/Content/Totem/Actors/Interactable/Ressources/BP_Wood_Actor.uasset" 557
"G:/Unreal/Totem/Content/Totem/Actors/Interactable/Ressources/BP_Wood_Actor.uexp" 558
"G:/Unreal/Totem/Content/Totem/Material/Ressources/Water_Mat.uasset" 559
"G:/Unreal/Totem/Content/Totem/Material/Ressources/Water_Mat.uexp" 560
"G:/Unreal/Totem/Content/Totem/Actors/Interactable/Ressources/BP_Water_Actor.uasset" 561
"G:/Unreal/Totem/Content/Totem/Actors/Interactable/Ressources/BP_Water_Actor.uexp" 562
"G:/Unreal/Totem/Content/Totem/Material/Ressources/Food_Mat.uasset" 563
"G:/Unreal/Totem/Content/Totem/Material/Ressources/Food_Mat.uexp" 564
"G:/Unreal/Totem/Content/Totem/Actors/Interactable/Ressources/BP_Food_Actor.uasset" 565
"G:/Unreal/Totem/Content/Totem/Actors/Interactable/Ressources/BP_Food_Actor.uexp" 566
"G:/Unreal/Totem/Content/Totem/Material/Ressources/Cristal_Mat.uasset" 567
"G:/Unreal/Totem/Content/Totem/Material/Ressources/Cristal_Mat.uexp" 568
"G:/Unreal/Totem/Content/Totem/Actors/Interactable/Ressources/BP_Cristal_Actor.uasset" 569
"G:/Unreal/Totem/Content/Totem/Actors/Interactable/Ressources/BP_Cristal_Actor.uexp" 570
"G:/Unreal/Totem/Content/Totem/Utilities/Structure/Ressource_Structure.uasset" 571
"G:/Unreal/Totem/Content/Totem/Utilities/Structure/Ressource_Structure.uexp" 572
"G:/Unreal/Totem/Content/Totem/Actors/Player/BP_Camera_Player.uasset" 573
"G:/Unreal/Totem/Content/Totem/Actors/Player/BP_Camera_Player.uexp" 574
"G:/Unreal/Totem/Content/Totem/Utilities/Enum/Building_Type.uasset" 575
"G:/Unreal/Totem/Content/Totem/Utilities/Enum/Building_Type.uexp" 576
"G:/Unreal/Totem/Content/StarterContent/Shapes/Shape_Cube.uasset" 577
"G:/Unreal/Totem/Content/StarterContent/Shapes/Shape_Cube.uexp" 578
"G:/Unreal/Totem/Content/Totem/Actors/Interactable/Buildings/BP_Stock.uasset" 579
"G:/Unreal/Totem/Content/Totem/Actors/Interactable/Buildings/BP_Stock.uexp" 580
"G:/Unreal/Totem/Content/Totem/HUD/InGame_Widget/WBP_Victory_Widget.uasset" 581
"G:/Unreal/Totem/Content/Totem/HUD/InGame_Widget/WBP_Victory_Widget.uexp" 582
"G:/Unreal/Totem/Content/Totem/Utilities/Enum/Font_TypeFace.uasset" 583
"G:/Unreal/Totem/Content/Totem/Utilities/Enum/Font_TypeFace.uexp" 584
"../../../Engine/Content/EngineFonts/Faces/RobotoRegular.uasset" 585
"../../../Engine/Content/EngineFonts/Faces/RobotoRegular.uexp" 586
"../../../Engine/Content/EngineFonts/Faces/RobotoRegular.ufont" 587
"../../../Engine/Content/EngineFonts/Faces/RobotoLight.uasset" 588
"../../../Engine/Content/EngineFonts/Faces/RobotoLight.uexp" 589
"../../../Engine/Content/EngineFonts/Faces/RobotoLight.ufont" 590
"../../../Engine/Content/EngineFonts/Faces/RobotoItalic.uasset" 591
"../../../Engine/Content/EngineFonts/Faces/RobotoItalic.uexp" 592
"../../../Engine/Content/EngineFonts/Faces/RobotoItalic.ufont" 593
"../../../Engine/Content/EngineFonts/Faces/RobotoBoldItalic.uasset" 594
"../../../Engine/Content/EngineFonts/Faces/RobotoBoldItalic.uexp" 595
"../../../Engine/Content/EngineFonts/Faces/RobotoBoldItalic.ufont" 596
"../../../Engine/Content/EngineFonts/Faces/RobotoBold.uasset" 597
"../../../Engine/Content/EngineFonts/Faces/RobotoBold.uexp" 598
"../../../Engine/Content/EngineFonts/Faces/RobotoBold.ufont" 599
"../../../Engine/Content/EngineFonts/Faces/DroidSansFallback.uasset" 600
"../../../Engine/Content/EngineFonts/Faces/DroidSansFallback.uexp" 601
"../../../Engine/Content/EngineFonts/Faces/DroidSansFallback.ufont" 602
"../../../Engine/Content/EngineFonts/Roboto.uasset" 603
"../../../Engine/Content/EngineFonts/Roboto.uexp" 604
"G:/Unreal/Totem/Content/Totem/HUD/Basic_Widget/WBP_Basic_Button.uasset" 605
"G:/Unreal/Totem/Content/Totem/HUD/Basic_Widget/WBP_Basic_Button.uexp" 606
"G:/Unreal/Totem/Content/Totem/Material/Koro/Koro_Mat.uasset" 607
"G:/Unreal/Totem/Content/Totem/Material/Koro/Koro_Mat.uexp" 608
"G:/Unreal/Totem/Content/Totem/Meshes/Koro/Koro.uasset" 609
"G:/Unreal/Totem/Content/Totem/Meshes/Koro/Koro.uexp" 610
"G:/Unreal/Totem/Content/Totem/Material/Ressources/Ressource_To_Place_Mat.uasset" 611
"G:/Unreal/Totem/Content/Totem/Material/Ressources/Ressource_To_Place_Mat.uexp" 612
"G:/Unreal/Totem/Content/Totem/Utilities/Interfaces/BP_Interface_Clickable.uasset" 613
"G:/Unreal/Totem/Content/Totem/Utilities/Interfaces/BP_Interface_Clickable.uexp" 614
"G:/Unreal/Totem/Content/Totem/Utilities/Structure/Building_Structure.uasset" 615
"G:/Unreal/Totem/Content/Totem/Utilities/Structure/Building_Structure.uexp" 616
"G:/Unreal/Totem/Content/Totem/HUD/InGame_Widget/WBP_GameOver.uasset" 617
"G:/Unreal/Totem/Content/Totem/HUD/InGame_Widget/WBP_GameOver.uexp" 618
"G:/Unreal/Totem/Content/Totem/Material/Ressources/Rock_Mat.uasset" 619
"G:/Unreal/Totem/Content/Totem/Material/Ressources/Rock_Mat.uexp" 620
"G:/Unreal/Totem/Content/Totem/Actors/Interactable/Ressources/BP_Rock_Actor.uasset" 621
"G:/Unreal/Totem/Content/Totem/Actors/Interactable/Ressources/BP_Rock_Actor.uexp" 622
"G:/Unreal/Totem/Content/StarterContent/Shapes/Shape_Cylinder.uasset" 623
"G:/Unreal/Totem/Content/StarterContent/Shapes/Shape_Cylinder.uexp" 624
"G:/Unreal/Totem/Content/Totem/Actors/Interactable/Buildings/BP_Totem.uasset" 625
"G:/Unreal/Totem/Content/Totem/Actors/Interactable/Buildings/BP_Totem.uexp" 626
"G:/Unreal/Totem/Content/Totem/HUD/Ressources_Widget/WBP_Ressource_Action.uasset" 627
"G:/Unreal/Totem/Content/Totem/HUD/Ressources_Widget/WBP_Ressource_Action.uexp" 628
"G:/Unreal/Totem/Content/Totem/HUD/Interactable/Stock/WBP_Stock_Action.uasset" 629
"G:/Unreal/Totem/Content/Totem/HUD/Interactable/Stock/WBP_Stock_Action.uexp" 630
"G:/Unreal/Totem/Content/Totem/HUD/Interactable/House/WBP_House_Info.uasset" 631
"G:/Unreal/Totem/Content/Totem/HUD/Interactable/House/WBP_House_Info.uexp" 632
"G:/Unreal/Totem/Content/Totem/Utilities/Structure/DayCycle_Structure.uasset" 633
"G:/Unreal/Totem/Content/Totem/Utilities/Structure/DayCycle_Structure.uexp" 634
"G:/Unreal/Totem/Content/Totem/Texture/HUD/Triangle.uasset" 635
"G:/Unreal/Totem/Content/Totem/Texture/HUD/Triangle.uexp" 636
"../../../Engine/Content/Functions/Engine_MaterialFunctions02/Utility/VectorToRadialValue.uasset" 637
"../../../Engine/Content/Functions/Engine_MaterialFunctions02/Utility/VectorToRadialValue.uexp" 638
"../../../Engine/Content/Functions/Engine_MaterialFunctions02/Texturing/CustomRotator.uasset" 639
"../../../Engine/Content/Functions/Engine_MaterialFunctions02/Texturing/CustomRotator.uexp" 640
"G:/Unreal/Totem/Content/Totem/Material/Widget/Clock_Mat.uasset" 641
"G:/Unreal/Totem/Content/Totem/Material/Widget/Clock_Mat.uexp" 642
"G:/Unreal/Totem/Content/Totem/Material/Widget/Clock_Mat_Inst.uasset" 643
"G:/Unreal/Totem/Content/Totem/Material/Widget/Clock_Mat_Inst.uexp" 644
"G:/Unreal/Totem/Content/Totem/Material/Widget/ClockCenter_Mat.uasset" 645
"G:/Unreal/Totem/Content/Totem/Material/Widget/ClockCenter_Mat.uexp" 646
"G:/Unreal/Totem/Content/Totem/HUD/InGame_Widget/WBP_DayClock.uasset" 647
"G:/Unreal/Totem/Content/Totem/HUD/InGame_Widget/WBP_DayClock.uexp" 648
"G:/Unreal/Totem/Content/Totem/Material/SkySphere/SkySphere_Mat.uasset" 649
"G:/Unreal/Totem/Content/Totem/Material/SkySphere/SkySphere_Mat.uexp" 650
"G:/Unreal/Totem/Content/Totem/Material/SkySphere/SkySphere_Mat_Inst.uasset" 651
"G:/Unreal/Totem/Content/Totem/Material/SkySphere/SkySphere_Mat_Inst.uexp" 652
"G:/Unreal/Totem/Content/Totem/Actors/Day_Night/BP_Day_Night.uasset" 653
"G:/Unreal/Totem/Content/Totem/Actors/Day_Night/BP_Day_Night.uexp" 654
"G:/Unreal/Totem/Content/Totem/HUD/Interactable/Koro/WBP_Koro_Action_P1.uasset" 655
"G:/Unreal/Totem/Content/Totem/HUD/Interactable/Koro/WBP_Koro_Action_P1.uexp" 656
"G:/Unreal/Totem/Content/Totem/HUD/Interactable/Nusery/WBP_Nursery_Action.uasset" 657
"G:/Unreal/Totem/Content/Totem/HUD/Interactable/Nusery/WBP_Nursery_Action.uexp" 658
"G:/Unreal/Totem/Content/Totem/HUD/Common_Widgets/WBP_Action_Menu.uasset" 659
"G:/Unreal/Totem/Content/Totem/HUD/Common_Widgets/WBP_Action_Menu.uexp" 660
"G:/Unreal/Totem/Content/Totem/Actors/Interactable/Buildings/BP_Nursery.uasset" 661
"G:/Unreal/Totem/Content/Totem/Actors/Interactable/Buildings/BP_Nursery.uexp" 662
"G:/Unreal/Totem/Content/Totem/Actors/GameMode/BP_Main_GameMode.uasset" 663
"G:/Unreal/Totem/Content/Totem/Actors/GameMode/BP_Main_GameMode.uexp" 664
"G:/Unreal/Totem/Content/Totem/Actors/New_Item/BP_New_Item.uasset" 665
"G:/Unreal/Totem/Content/Totem/Actors/New_Item/BP_New_Item.uexp" 666
"G:/Unreal/Totem/Content/Totem/HUD/Tile_Choice_Widget/WBP_Tile_Choice.uasset" 667
"G:/Unreal/Totem/Content/Totem/HUD/Tile_Choice_Widget/WBP_Tile_Choice.uexp" 668
"G:/Unreal/Totem/Content/Totem/Actors/Interactable/Koro/BP_Koro.uasset" 669
"G:/Unreal/Totem/Content/Totem/Actors/Interactable/Koro/BP_Koro.uexp" 670
"G:/Unreal/Totem/Content/Totem/HUD/Interactable/Koro/WBP_Koro_Action_P2.uasset" 671
"G:/Unreal/Totem/Content/Totem/HUD/Interactable/Koro/WBP_Koro_Action_P2.uexp" 672
"G:/Unreal/Totem/Content/Totem/HUD/Construction_Widget/WBP_Build_Tootip.uasset" 673
"G:/Unreal/Totem/Content/Totem/HUD/Construction_Widget/WBP_Build_Tootip.uexp" 674
"G:/Unreal/Totem/Content/Totem/HUD/Construction_Widget/WBP_Map_Tile_Building.uasset" 675
"G:/Unreal/Totem/Content/Totem/HUD/Construction_Widget/WBP_Map_Tile_Building.uexp" 676
"G:/Unreal/Totem/Content/Totem/HUD/Construction_Widget/WBP_Village_Construction.uasset" 677
"G:/Unreal/Totem/Content/Totem/HUD/Construction_Widget/WBP_Village_Construction.uexp" 678
"G:/Unreal/Totem/Content/Totem/Material/Tuile/Tile_Mat.uasset" 679
"G:/Unreal/Totem/Content/Totem/Material/Tuile/Tile_Mat.uexp" 680
"G:/Unreal/Totem/Content/Totem/Meshes/Tuile/Tuile.uasset" 681
"G:/Unreal/Totem/Content/Totem/Meshes/Tuile/Tuile.uexp" 682
"G:/Unreal/Totem/Content/Totem/Actors/Tile/BP_Map_Tile.uasset" 683
"G:/Unreal/Totem/Content/Totem/Actors/Tile/BP_Map_Tile.uexp" 684
"G:/Unreal/Totem/Content/Totem/Actors/Player/BP_Camera_Shake.uasset" 685
"G:/Unreal/Totem/Content/Totem/Actors/Player/BP_Camera_Shake.uexp" 686
"G:/Unreal/Totem/Content/Totem/Utilities/Macro_Lib/BP_Custom_Macro.uasset" 687
"G:/Unreal/Totem/Content/Totem/Utilities/Macro_Lib/BP_Custom_Macro.uexp" 688
"G:/Unreal/Totem/Content/Totem/Actors/Corruption/BP_Corruption.uasset" 689
"G:/Unreal/Totem/Content/Totem/Actors/Corruption/BP_Corruption.uexp" 690
"G:/Unreal/Totem/Content/Totem/Actors/Player/BP_Player_Controller.uasset" 691
"G:/Unreal/Totem/Content/Totem/Actors/Player/BP_Player_Controller.uexp" 692
"G:/Unreal/Totem/Content/Totem/Utilities/Function_Lib/Totem_Function_Library.uasset" 693
"G:/Unreal/Totem/Content/Totem/Utilities/Function_Lib/Totem_Function_Library.uexp" 694
"G:/Unreal/Totem/Content/Totem/HUD/InGame_Widget/WBP_Worker_Repartition.uasset" 695
"G:/Unreal/Totem/Content/Totem/HUD/InGame_Widget/WBP_Worker_Repartition.uexp" 696
"G:/Unreal/Totem/Content/Totem/Actors/Interactable/Ressources/BP_Ressources_Actor.uasset" 697
"G:/Unreal/Totem/Content/Totem/Actors/Interactable/Ressources/BP_Ressources_Actor.uexp" 698
"G:/Unreal/Totem/Content/Totem/HUD/Interactable/WBP_Item_Info.uasset" 699
"G:/Unreal/Totem/Content/Totem/HUD/Interactable/WBP_Item_Info.uexp" 700
"G:/Unreal/Totem/Content/Totem/Actors/Interactable/BP_Interactable.uasset" 701
"G:/Unreal/Totem/Content/Totem/Actors/Interactable/BP_Interactable.uexp" 702
"G:/Unreal/Totem/Content/Totem/HUD/Building_Widget/WBP_Building_Base.uasset" 703
"G:/Unreal/Totem/Content/Totem/HUD/Building_Widget/WBP_Building_Base.uexp" 704
"G:/Unreal/Totem/Content/Totem/Actors/Interactable/Buildings/BP_Buildings.uasset" 705
"G:/Unreal/Totem/Content/Totem/Actors/Interactable/Buildings/BP_Buildings.uexp" 706
"G:/Unreal/Totem/Content/StarterContent/Shapes/Shape_Sphere.uasset" 707
"G:/Unreal/Totem/Content/StarterContent/Shapes/Shape_Sphere.uexp" 708
"G:/Unreal/Totem/Content/Totem/Actors/Interactable/Buildings/BP_House.uasset" 709
"G:/Unreal/Totem/Content/Totem/Actors/Interactable/Buildings/BP_House.uexp" 710
"G:/Unreal/Totem/Content/Totem/Actors/Villager/Villager_AI_System/BLackBoard_Villager.uasset" 711
"G:/Unreal/Totem/Content/Totem/Actors/Villager/Villager_AI_System/BLackBoard_Villager.uexp" 712
"G:/Unreal/Totem/Content/Totem/Actors/Villager/Behaviour_Tree_Tasks/BTTask_Pray.uasset" 713
"G:/Unreal/Totem/Content/Totem/Actors/Villager/Behaviour_Tree_Tasks/BTTask_Pray.uexp" 714
"G:/Unreal/Totem/Content/Totem/Actors/Villager/Behaviour_Tree_Tasks/BTTask_GiveRessources.uasset" 715
"G:/Unreal/Totem/Content/Totem/Actors/Villager/Behaviour_Tree_Tasks/BTTask_GiveRessources.uexp" 716
"G:/Unreal/Totem/Content/Totem/Actors/Villager/Behaviour_Tree_Tasks/BTTask_GetRessources.uasset" 717
"G:/Unreal/Totem/Content/Totem/Actors/Villager/Behaviour_Tree_Tasks/BTTask_GetRessources.uexp" 718
"G:/Unreal/Totem/Content/Totem/Actors/Villager/Behaviour_Tree_Tasks/BTTask_GetRandomLocationAroundKoro.uasset" 719
"G:/Unreal/Totem/Content/Totem/Actors/Villager/Behaviour_Tree_Tasks/BTTask_GetRandomLocationAroundKoro.uexp" 720
"G:/Unreal/Totem/Content/Totem/Actors/Villager/Behaviour_Tree_Tasks/BTTask_GetLocationAroundWorkplace.uasset" 721
"G:/Unreal/Totem/Content/Totem/Actors/Villager/Behaviour_Tree_Tasks/BTTask_GetLocationAroundWorkplace.uexp" 722
"G:/Unreal/Totem/Content/Totem/Actors/Villager/Behaviour_Tree_Tasks/BTTask_Eat_Ressources.uasset" 723
"G:/Unreal/Totem/Content/Totem/Actors/Villager/Behaviour_Tree_Tasks/BTTask_Eat_Ressources.uexp" 724
"G:/Unreal/Totem/Content/Totem/Actors/Villager/Behaviour_Tree_Decorator/BTDeco_Everybody_Empty.uasset" 725
"G:/Unreal/Totem/Content/Totem/Actors/Villager/Behaviour_Tree_Decorator/BTDeco_Everybody_Empty.uexp" 726
"G:/Unreal/Totem/Content/Totem/Actors/Villager/Villager_AI_System/BTree_Villager.uasset" 727
"G:/Unreal/Totem/Content/Totem/Actors/Villager/Villager_AI_System/BTree_Villager.uexp" 728
"G:/Unreal/Totem/Content/Totem/Actors/Villager/BP_Villager_AI_Controller.uasset" 729
"G:/Unreal/Totem/Content/Totem/Actors/Villager/BP_Villager_AI_Controller.uexp" 730
"G:/Unreal/Totem/Content/Totem/Actors/Villager/BP_Villager.uasset" 731
"G:/Unreal/Totem/Content/Totem/Actors/Villager/BP_Villager.uexp" 732
"G:/Unreal/Totem/Content/Totem/Utilities/Structure/Villager_Structure.uasset" 733
"G:/Unreal/Totem/Content/Totem/Utilities/Structure/Villager_Structure.uexp" 734
"G:/Unreal/Totem/Content/Totem/HUD/InGame_Widget/WBP_Villager_Count.uasset" 735
"G:/Unreal/Totem/Content/Totem/HUD/InGame_Widget/WBP_Villager_Count.uexp" 736
"G:/Unreal/Totem/Content/Totem/HUD/InGame_Widget/WBP_Time_Control.uasset" 737
"G:/Unreal/Totem/Content/Totem/HUD/InGame_Widget/WBP_Time_Control.uexp" 738
"G:/Unreal/Totem/Content/Totem/HUD/InGame_Widget/WBP_Ressource_Counter_Widget.uasset" 739
"G:/Unreal/Totem/Content/Totem/HUD/InGame_Widget/WBP_Ressource_Counter_Widget.uexp" 740
"G:/Unreal/Totem/Content/Totem/HUD/InGame_Widget/WBP_Game_Widget.uasset" 741
"G:/Unreal/Totem/Content/Totem/HUD/InGame_Widget/WBP_Game_Widget.uexp" 742
"G:/Unreal/Totem/Content/StarterContent/HDRI/HDRI_Epic_Courtyard_Daylight.uasset" 743
"G:/Unreal/Totem/Content/StarterContent/HDRI/HDRI_Epic_Courtyard_Daylight.uexp" 744
"../../../Engine/Content/Functions/Engine_MaterialFunctions02/Utility/MakeFloat4.uasset" 745
"../../../Engine/Content/Functions/Engine_MaterialFunctions02/Utility/MakeFloat4.uexp" 746
"G:/Unreal/Totem/Content/Totem/Material/Outline/Outline_Material.uasset" 747
"G:/Unreal/Totem/Content/Totem/Material/Outline/Outline_Material.uexp" 748
"G:/Unreal/Totem/Content/Totem/Material/Outline/Outline_Material_Inst.uasset" 749
"G:/Unreal/Totem/Content/Totem/Material/Outline/Outline_Material_Inst.uexp" 750
"G:/Unreal/Totem/Content/Totem/Map/TopDownExampleMap_BuiltData.uasset" 751
"G:/Unreal/Totem/Content/Totem/Map/TopDownExampleMap_BuiltData.uexp" 752
"G:/Unreal/Totem/Content/Totem/Actors/Grid_Manager/BP_Island_Generator.uasset" 753
"G:/Unreal/Totem/Content/Totem/Actors/Grid_Manager/BP_Island_Generator.uexp" 754
"G:/Unreal/Totem/Content/Totem/Actors/GameInstance/BP_GameInstance.uasset" 755
"G:/Unreal/Totem/Content/Totem/Actors/GameInstance/BP_GameInstance.uexp" 756
"G:/Unreal/Totem/Content/Totem/Map/TopDownExampleMap.uexp" 757
"G:/Unreal/Totem/Content/Totem/Map/TopDownExampleMap.umap" 758
"G:/Unreal/Totem/Content/Totem/HUD/Main_Title/WBP_Main_Title.uasset" 759
"G:/Unreal/Totem/Content/Totem/HUD/Main_Title/WBP_Main_Title.uexp" 760
"G:/Unreal/Totem/Content/Totem/Map/Main_Title_Map.uexp" 761
"G:/Unreal/Totem/Content/Totem/Map/Main_Title_Map.umap" 762
"../../../Engine/Content/Maps/Entry_BuiltData.uasset" 763
"../../../Engine/Content/Maps/Entry_BuiltData.uexp" 764
"../../../Engine/Content/Maps/Entry.uexp" 765
"../../../Engine/Content/Maps/Entry.umap" 766
